Flow report for Microcomputer
Fri Jun 15 17:39:11 2018
Quartus II 64-Bit Version 13.0.1 Build 232 06/12/2013 Service Pack 1 SJ Full Version


---------------------
; Table of Contents ;
---------------------
  1. Legal Notice
  2. Flow Summary
  3. Flow Settings
  4. Flow Non-Default Global Settings
  5. Flow Elapsed Time
  6. Flow OS Summary
  7. Flow Log
  8. Flow Messages
  9. Flow Suppressed Messages



----------------
; Legal Notice ;
----------------
Copyright (C) 1991-2013 Altera Corporation
Your use of Altera Corporation's design tools, logic functions 
and other software and tools, and its AMPP partner logic 
functions, and any output files from any of the foregoing 
(including device programming or simulation files), and any 
associated documentation or information are expressly subject 
to the terms and conditions of the Altera Program License 
Subscription Agreement, Altera MegaCore Function License 
Agreement, or other applicable license agreement, including, 
without limitation, that your use is for the sole purpose of 
programming logic devices manufactured by Altera and sold by 
Altera or its authorized distributors.  Please refer to the 
applicable agreement for further details.



+---------------------------------------------------------------------------------------+
; Flow Summary                                                                          ;
+------------------------------------+--------------------------------------------------+
; Flow Status                        ; Flow Failed - Fri Jun 15 17:39:11 2018           ;
; Quartus II 64-Bit Version          ; 13.0.1 Build 232 06/12/2013 SP 1 SJ Full Version ;
; Revision Name                      ; Microcomputer                                    ;
; Top-level Entity Name              ; Microcomputer                                    ;
; Family                             ; Cyclone II                                       ;
; Device                             ; EP2C20F484C7                                     ;
; Timing Models                      ; Final                                            ;
; Total logic elements               ; 4,992 / 18,752 ( 27 % )                          ;
;     Total combinational functions  ; 4,413 / 18,752 ( 24 % )                          ;
;     Dedicated logic registers      ; 1,547 / 18,752 ( 8 % )                           ;
; Total registers                    ; 1547                                             ;
; Total pins                         ; 66 / 315 ( 21 % )                                ;
; Total virtual pins                 ; 0                                                ;
; Total memory bits                  ; 106,496 / 239,616 ( 44 % )                       ;
; Embedded Multiplier 9-bit elements ; 0 / 52 ( 0 % )                                   ;
; Total PLLs                         ; 0 / 4 ( 0 % )                                    ;
+------------------------------------+--------------------------------------------------+


+-----------------------------------------+
; Flow Settings                           ;
+-------------------+---------------------+
; Option            ; Setting             ;
+-------------------+---------------------+
; Start date & time ; 06/15/2018 15:39:37 ;
; Main task         ; Compilation         ;
; Revision Name     ; Microcomputer       ;
+-------------------+---------------------+


+--------------------------------------------------------------------------------------------------------------------------------------------------------------------------------+
; Flow Non-Default Global Settings                                                                                                                                               ;
+-------------------------------------+-----------------------------------------------------------------------------------------------+---------------+-------------+------------+
; Assignment Name                     ; Value                                                                                         ; Default Value ; Entity Name ; Section Id ;
+-------------------------------------+-----------------------------------------------------------------------------------------------+---------------+-------------+------------+
; COMPILER_SIGNATURE_ID               ; 137291060500824.152906997707844                                                               ; --            ; --          ; --         ;
; ENABLE_SIGNALTAP                    ; On                                                                                            ; --            ; --          ; --         ;
; IP_TOOL_NAME                        ; ROM: 1-PORT                                                                                   ; --            ; --          ; --         ;
; IP_TOOL_NAME                        ; RAM: 2-PORT                                                                                   ; --            ; --          ; --         ;
; IP_TOOL_NAME                        ; RAM: 2-PORT                                                                                   ; --            ; --          ; --         ;
; IP_TOOL_NAME                        ; ROM: 1-PORT                                                                                   ; --            ; --          ; --         ;
; IP_TOOL_NAME                        ; RAM: 1-PORT                                                                                   ; --            ; --          ; --         ;
; IP_TOOL_NAME                        ; RAM: 1-PORT                                                                                   ; --            ; --          ; --         ;
; IP_TOOL_NAME                        ; RAM: 1-PORT                                                                                   ; --            ; --          ; --         ;
; IP_TOOL_VERSION                     ; 13.0                                                                                          ; --            ; --          ; --         ;
; IP_TOOL_VERSION                     ; 13.0                                                                                          ; --            ; --          ; --         ;
; IP_TOOL_VERSION                     ; 13.0                                                                                          ; --            ; --          ; --         ;
; IP_TOOL_VERSION                     ; 13.0                                                                                          ; --            ; --          ; --         ;
; IP_TOOL_VERSION                     ; 13.0                                                                                          ; --            ; --          ; --         ;
; IP_TOOL_VERSION                     ; 13.0                                                                                          ; --            ; --          ; --         ;
; IP_TOOL_VERSION                     ; 13.0                                                                                          ; --            ; --          ; --         ;
; MAX_CORE_JUNCTION_TEMP              ; 85                                                                                            ; --            ; --          ; --         ;
; MIN_CORE_JUNCTION_TEMP              ; 0                                                                                             ; --            ; --          ; --         ;
; MISC_FILE                           ; ../ROMS/6809/M6809_CAMELFORTH_ROM.cmp                                                         ; --            ; --          ; --         ;
; MISC_FILE                           ; ../Components/TERMINAL/DisplayRam1K.cmp                                                       ; --            ; --          ; --         ;
; MISC_FILE                           ; ../Components/TERMINAL/DisplayRam2K.cmp                                                       ; --            ; --          ; --         ;
; MISC_FILE                           ; ../Components/TERMINAL/CGABoldRomReduced.cmp                                                  ; --            ; --          ; --         ;
; MISC_FILE                           ; InternalRam1K.cmp                                                                             ; --            ; --          ; --         ;
; MISC_FILE                           ; InternalRam2K.cmp                                                                             ; --            ; --          ; --         ;
; MISC_FILE                           ; InternalRam4K.cmp                                                                             ; --            ; --          ; --         ;
; PARTITION_COLOR                     ; 16764057                                                                                      ; --            ; --          ; Top        ;
; PARTITION_FITTER_PRESERVATION_LEVEL ; PLACEMENT_AND_ROUTING                                                                         ; --            ; --          ; Top        ;
; PARTITION_NETLIST_TYPE              ; POST_FIT                                                                                      ; --            ; --          ; Top        ;
; POWER_BOARD_THERMAL_MODEL           ; None (CONSERVATIVE)                                                                           ; --            ; --          ; --         ;
; POWER_PRESET_COOLING_SOLUTION       ; 23 MM HEAT SINK WITH 200 LFPM AIRFLOW                                                         ; --            ; --          ; --         ;
; PROJECT_OUTPUT_DIRECTORY            ; output_files                                                                                  ; --            ; --          ; --         ;
; SLD_FILE                            ; C:/Users/Administrator/Desktop/MultiCompDE1/Microcomputer/output_files/stp1_auto_stripped.stp ; --            ; --          ; --         ;
; USE_SIGNALTAP_FILE                  ; output_files/stp1.stp                                                                         ; --            ; --          ; --         ;
; VHDL_SHOW_LMF_MAPPING_MESSAGES      ; Off                                                                                           ; --            ; --          ; --         ;
+-------------------------------------+-----------------------------------------------------------------------------------------------+---------------+-------------+------------+


+-------------------------------------------------------------------------------------------------------------------------------+
; Flow Elapsed Time                                                                                                             ;
+---------------------------+--------------+-------------------------+---------------------+------------------------------------+
; Module Name               ; Elapsed Time ; Average Processors Used ; Peak Virtual Memory ; Total CPU Time (on all processors) ;
+---------------------------+--------------+-------------------------+---------------------+------------------------------------+
; Analysis & Synthesis      ; 00:00:04     ; 1.0                     ; 481 MB              ; 00:00:02                           ;
; Analysis & Synthesis      ; 00:00:02     ; 1.0                     ; 482 MB              ; 00:00:02                           ;
; Analysis & Synthesis      ; 00:00:02     ; 1.0                     ; 482 MB              ; 00:00:02                           ;
; Analysis & Synthesis      ; 00:01:02     ; 1.0                     ; 546 MB              ; 00:00:56                           ;
; Partition Merge           ; 00:00:05     ; 1.0                     ; 475 MB              ; 00:00:02                           ;
; Fitter                    ; 00:00:08     ; 1.0                     ; 651 MB              ; 00:00:05                           ;
; Analysis & Synthesis      ; 00:00:04     ; 1.0                     ; 528 MB              ; 00:00:04                           ;
; Partition Merge           ; 00:00:02     ; 1.0                     ; 475 MB              ; 00:00:02                           ;
; Fitter                    ; 00:00:05     ; 1.0                     ; 651 MB              ; 00:00:05                           ;
; Analysis & Synthesis      ; 00:00:04     ; 1.0                     ; 528 MB              ; 00:00:04                           ;
; Partition Merge           ; 00:00:02     ; 1.0                     ; 475 MB              ; 00:00:02                           ;
; Fitter                    ; 00:00:05     ; 1.0                     ; 651 MB              ; 00:00:05                           ;
; Analysis & Synthesis      ; 00:00:04     ; 1.0                     ; 528 MB              ; 00:00:04                           ;
; Partition Merge           ; 00:00:03     ; 1.0                     ; 475 MB              ; 00:00:02                           ;
; Fitter                    ; 00:00:06     ; 1.0                     ; 651 MB              ; 00:00:05                           ;
; Analysis & Synthesis      ; 00:00:04     ; 1.0                     ; 528 MB              ; 00:00:04                           ;
; Partition Merge           ; 00:00:03     ; 1.0                     ; 475 MB              ; 00:00:02                           ;
; Fitter                    ; 00:00:05     ; 1.0                     ; 651 MB              ; 00:00:05                           ;
; Analysis & Synthesis      ; 00:00:04     ; 1.0                     ; 528 MB              ; 00:00:04                           ;
; Partition Merge           ; 00:00:02     ; 1.0                     ; 474 MB              ; 00:00:02                           ;
; Fitter                    ; 00:01:20     ; 1.6                     ; 1093 MB             ; 00:01:50                           ;
; Assembler                 ; 00:00:05     ; 1.0                     ; 456 MB              ; 00:00:04                           ;
; TimeQuest Timing Analyzer ; 00:00:06     ; 1.0                     ; 497 MB              ; 00:00:05                           ;
; Analysis & Synthesis      ; 00:00:07     ; 1.0                     ; 524 MB              ; 00:00:05                           ;
; Partition Merge           ; 00:00:03     ; 1.0                     ; 491 MB              ; 00:00:03                           ;
; Fitter                    ; 00:00:20     ; 1.2                     ; 1105 MB             ; 00:00:26                           ;
; Assembler                 ; 00:00:04     ; 1.0                     ; 456 MB              ; 00:00:03                           ;
; TimeQuest Timing Analyzer ; 00:00:05     ; 1.0                     ; 502 MB              ; 00:00:05                           ;
; Analysis & Synthesis      ; 00:00:05     ; 1.0                     ; 532 MB              ; 00:00:05                           ;
; Analysis & Synthesis      ; 00:00:05     ; 1.0                     ; 521 MB              ; 00:00:04                           ;
; Partition Merge           ; 00:00:03     ; 1.0                     ; 491 MB              ; 00:00:03                           ;
; Fitter                    ; 00:00:06     ; 1.0                     ; 667 MB              ; 00:00:06                           ;
; Analysis & Synthesis      ; 00:00:04     ; 1.0                     ; 528 MB              ; 00:00:04                           ;
; Partition Merge           ; 00:00:03     ; 1.0                     ; 492 MB              ; 00:00:03                           ;
; Fitter                    ; 00:00:05     ; 1.0                     ; 667 MB              ; 00:00:05                           ;
; Analysis & Synthesis      ; 00:00:04     ; 1.0                     ; 528 MB              ; 00:00:04                           ;
; Partition Merge           ; 00:00:02     ; 1.0                     ; 492 MB              ; 00:00:03                           ;
; Fitter                    ; 00:00:04     ; 1.0                     ; 667 MB              ; 00:00:05                           ;
; Analysis & Synthesis      ; 00:00:04     ; 1.0                     ; 528 MB              ; 00:00:04                           ;
; Partition Merge           ; 00:00:03     ; 1.0                     ; 492 MB              ; 00:00:03                           ;
; Fitter                    ; 00:00:05     ; 1.0                     ; 667 MB              ; 00:00:05                           ;
; Analysis & Synthesis      ; 00:00:04     ; 1.0                     ; 528 MB              ; 00:00:04                           ;
; Partition Merge           ; 00:00:03     ; 1.0                     ; 492 MB              ; 00:00:03                           ;
; Fitter                    ; 00:00:05     ; 1.0                     ; 665 MB              ; 00:00:05                           ;
; Analysis & Synthesis      ; 00:00:04     ; 1.0                     ; 528 MB              ; 00:00:04                           ;
; Partition Merge           ; 00:00:02     ; 1.0                     ; 492 MB              ; 00:00:02                           ;
; Fitter                    ; 00:00:19     ; 1.3                     ; 1105 MB             ; 00:00:25                           ;
; Assembler                 ; 00:00:03     ; 1.0                     ; 456 MB              ; 00:00:03                           ;
; TimeQuest Timing Analyzer ; 00:00:05     ; 1.0                     ; 497 MB              ; 00:00:05                           ;
; Analysis & Synthesis      ; 00:00:05     ; 1.0                     ; 532 MB              ; 00:00:05                           ;
; Partition Merge           ; 00:00:03     ; 1.0                     ; 491 MB              ; 00:00:03                           ;
; Fitter                    ; 00:00:20     ; 1.5                     ; 1109 MB             ; 00:00:26                           ;
; Assembler                 ; 00:00:03     ; 1.0                     ; 456 MB              ; 00:00:03                           ;
; TimeQuest Timing Analyzer ; 00:00:05     ; 1.0                     ; 502 MB              ; 00:00:05                           ;
; Analysis & Synthesis      ; 00:00:06     ; 1.0                     ; 532 MB              ; 00:00:05                           ;
; Partition Merge           ; 00:00:03     ; 1.0                     ; 491 MB              ; 00:00:03                           ;
; Fitter                    ; 00:00:05     ; 1.0                     ; 667 MB              ; 00:00:05                           ;
; I/O Assignment Analysis   ; 00:00:05     ; 1.0                     ; 666 MB              ; 00:00:04                           ;
; Analysis & Synthesis      ; 00:00:04     ; 1.0                     ; 524 MB              ; 00:00:04                           ;
; Partition Merge           ; 00:00:03     ; 1.0                     ; 489 MB              ; 00:00:03                           ;
; Fitter                    ; 00:00:04     ; 1.0                     ; 667 MB              ; 00:00:05                           ;
; Analysis & Synthesis      ; 00:00:04     ; 1.0                     ; 528 MB              ; 00:00:04                           ;
; Partition Merge           ; 00:00:03     ; 1.0                     ; 489 MB              ; 00:00:03                           ;
; Fitter                    ; 00:00:05     ; 1.0                     ; 667 MB              ; 00:00:05                           ;
; Total                     ; 00:07:22     ; --                      ; --                  ; 00:07:48                           ;
+---------------------------+--------------+-------------------------+---------------------+------------------------------------+


+----------------------------------------------------------------------------------------+
; Flow OS Summary                                                                        ;
+---------------------------+------------------+-----------+------------+----------------+
; Module Name               ; Machine Hostname ; OS Name   ; OS Version ; Processor type ;
+---------------------------+------------------+-----------+------------+----------------+
; Analysis & Synthesis      ; jerPC2k12        ; Windows 7 ; 6.2        ; x86_64         ;
; Analysis & Synthesis      ; jerPC2k12        ; Windows 7 ; 6.2        ; x86_64         ;
; Analysis & Synthesis      ; jerPC2k12        ; Windows 7 ; 6.2        ; x86_64         ;
; Analysis & Synthesis      ; jerPC2k12        ; Windows 7 ; 6.2        ; x86_64         ;
; Partition Merge           ; jerPC2k12        ; Windows 7 ; 6.2        ; x86_64         ;
; Fitter                    ; jerPC2k12        ; Windows 7 ; 6.2        ; x86_64         ;
; Analysis & Synthesis      ; jerPC2k12        ; Windows 7 ; 6.2        ; x86_64         ;
; Partition Merge           ; jerPC2k12        ; Windows 7 ; 6.2        ; x86_64         ;
; Fitter                    ; jerPC2k12        ; Windows 7 ; 6.2        ; x86_64         ;
; Analysis & Synthesis      ; jerPC2k12        ; Windows 7 ; 6.2        ; x86_64         ;
; Partition Merge           ; jerPC2k12        ; Windows 7 ; 6.2        ; x86_64         ;
; Fitter                    ; jerPC2k12        ; Windows 7 ; 6.2        ; x86_64         ;
; Analysis & Synthesis      ; jerPC2k12        ; Windows 7 ; 6.2        ; x86_64         ;
; Partition Merge           ; jerPC2k12        ; Windows 7 ; 6.2        ; x86_64         ;
; Fitter                    ; jerPC2k12        ; Windows 7 ; 6.2        ; x86_64         ;
; Analysis & Synthesis      ; jerPC2k12        ; Windows 7 ; 6.2        ; x86_64         ;
; Partition Merge           ; jerPC2k12        ; Windows 7 ; 6.2        ; x86_64         ;
; Fitter                    ; jerPC2k12        ; Windows 7 ; 6.2        ; x86_64         ;
; Analysis & Synthesis      ; jerPC2k12        ; Windows 7 ; 6.2        ; x86_64         ;
; Partition Merge           ; jerPC2k12        ; Windows 7 ; 6.2        ; x86_64         ;
; Fitter                    ; jerPC2k12        ; Windows 7 ; 6.2        ; x86_64         ;
; Assembler                 ; jerPC2k12        ; Windows 7 ; 6.2        ; x86_64         ;
; TimeQuest Timing Analyzer ; jerPC2k12        ; Windows 7 ; 6.2        ; x86_64         ;
; Analysis & Synthesis      ; jerPC2k12        ; Windows 7 ; 6.2        ; x86_64         ;
; Partition Merge           ; jerPC2k12        ; Windows 7 ; 6.2        ; x86_64         ;
; Fitter                    ; jerPC2k12        ; Windows 7 ; 6.2        ; x86_64         ;
; Assembler                 ; jerPC2k12        ; Windows 7 ; 6.2        ; x86_64         ;
; TimeQuest Timing Analyzer ; jerPC2k12        ; Windows 7 ; 6.2        ; x86_64         ;
; Analysis & Synthesis      ; jerPC2k12        ; Windows 7 ; 6.2        ; x86_64         ;
; Analysis & Synthesis      ; jerPC2k12        ; Windows 7 ; 6.2        ; x86_64         ;
; Partition Merge           ; jerPC2k12        ; Windows 7 ; 6.2        ; x86_64         ;
; Fitter                    ; jerPC2k12        ; Windows 7 ; 6.2        ; x86_64         ;
; Analysis & Synthesis      ; jerPC2k12        ; Windows 7 ; 6.2        ; x86_64         ;
; Partition Merge           ; jerPC2k12        ; Windows 7 ; 6.2        ; x86_64         ;
; Fitter                    ; jerPC2k12        ; Windows 7 ; 6.2        ; x86_64         ;
; Analysis & Synthesis      ; jerPC2k12        ; Windows 7 ; 6.2        ; x86_64         ;
; Partition Merge           ; jerPC2k12        ; Windows 7 ; 6.2        ; x86_64         ;
; Fitter                    ; jerPC2k12        ; Windows 7 ; 6.2        ; x86_64         ;
; Analysis & Synthesis      ; jerPC2k12        ; Windows 7 ; 6.2        ; x86_64         ;
; Partition Merge           ; jerPC2k12        ; Windows 7 ; 6.2        ; x86_64         ;
; Fitter                    ; jerPC2k12        ; Windows 7 ; 6.2        ; x86_64         ;
; Analysis & Synthesis      ; jerPC2k12        ; Windows 7 ; 6.2        ; x86_64         ;
; Partition Merge           ; jerPC2k12        ; Windows 7 ; 6.2        ; x86_64         ;
; Fitter                    ; jerPC2k12        ; Windows 7 ; 6.2        ; x86_64         ;
; Analysis & Synthesis      ; jerPC2k12        ; Windows 7 ; 6.2        ; x86_64         ;
; Partition Merge           ; jerPC2k12        ; Windows 7 ; 6.2        ; x86_64         ;
; Fitter                    ; jerPC2k12        ; Windows 7 ; 6.2        ; x86_64         ;
; Assembler                 ; jerPC2k12        ; Windows 7 ; 6.2        ; x86_64         ;
; TimeQuest Timing Analyzer ; jerPC2k12        ; Windows 7 ; 6.2        ; x86_64         ;
; Analysis & Synthesis      ; jerPC2k12        ; Windows 7 ; 6.2        ; x86_64         ;
; Partition Merge           ; jerPC2k12        ; Windows 7 ; 6.2        ; x86_64         ;
; Fitter                    ; jerPC2k12        ; Windows 7 ; 6.2        ; x86_64         ;
; Assembler                 ; jerPC2k12        ; Windows 7 ; 6.2        ; x86_64         ;
; TimeQuest Timing Analyzer ; jerPC2k12        ; Windows 7 ; 6.2        ; x86_64         ;
; Analysis & Synthesis      ; jerPC2k12        ; Windows 7 ; 6.2        ; x86_64         ;
; Partition Merge           ; jerPC2k12        ; Windows 7 ; 6.2        ; x86_64         ;
; Fitter                    ; jerPC2k12        ; Windows 7 ; 6.2        ; x86_64         ;
; I/O Assignment Analysis   ; jerPC2k12        ; Windows 7 ; 6.2        ; x86_64         ;
; Analysis & Synthesis      ; jerPC2k12        ; Windows 7 ; 6.2        ; x86_64         ;
; Partition Merge           ; jerPC2k12        ; Windows 7 ; 6.2        ; x86_64         ;
; Fitter                    ; jerPC2k12        ; Windows 7 ; 6.2        ; x86_64         ;
; Analysis & Synthesis      ; jerPC2k12        ; Windows 7 ; 6.2        ; x86_64         ;
; Partition Merge           ; jerPC2k12        ; Windows 7 ; 6.2        ; x86_64         ;
; Fitter                    ; jerPC2k12        ; Windows 7 ; 6.2        ; x86_64         ;
+---------------------------+------------------+-----------+------------+----------------+


------------
; Flow Log ;
------------
quartus_map --read_settings_files=on --write_settings_files=off Microcomputer -c Microcomputer
quartus_map --read_settings_files=on --write_settings_files=off Microcomputer -c Microcomputer
quartus_map --read_settings_files=on --write_settings_files=off Microcomputer -c Microcomputer
quartus_map --read_settings_files=on --write_settings_files=off Microcomputer -c Microcomputer
quartus_cdb --read_settings_files=off --write_settings_files=off Microcomputer -c Microcomputer --merge=on
quartus_fit --read_settings_files=off --write_settings_files=off Microcomputer -c Microcomputer
quartus_map --read_settings_files=on --write_settings_files=off Microcomputer -c Microcomputer
quartus_cdb --read_settings_files=off --write_settings_files=off Microcomputer -c Microcomputer --merge=on
quartus_fit --read_settings_files=off --write_settings_files=off Microcomputer -c Microcomputer
quartus_map --read_settings_files=on --write_settings_files=off Microcomputer -c Microcomputer
quartus_cdb --read_settings_files=off --write_settings_files=off Microcomputer -c Microcomputer --merge=on
quartus_fit --read_settings_files=off --write_settings_files=off Microcomputer -c Microcomputer
quartus_map --read_settings_files=on --write_settings_files=off Microcomputer -c Microcomputer
quartus_cdb --read_settings_files=off --write_settings_files=off Microcomputer -c Microcomputer --merge=on
quartus_fit --read_settings_files=off --write_settings_files=off Microcomputer -c Microcomputer
quartus_map --read_settings_files=on --write_settings_files=off Microcomputer -c Microcomputer
quartus_cdb --read_settings_files=off --write_settings_files=off Microcomputer -c Microcomputer --merge=on
quartus_fit --read_settings_files=off --write_settings_files=off Microcomputer -c Microcomputer
quartus_map --read_settings_files=on --write_settings_files=off Microcomputer -c Microcomputer
quartus_cdb --read_settings_files=off --write_settings_files=off Microcomputer -c Microcomputer --merge=on
quartus_fit --read_settings_files=off --write_settings_files=off Microcomputer -c Microcomputer
quartus_asm --read_settings_files=off --write_settings_files=off Microcomputer -c Microcomputer
quartus_sta Microcomputer -c Microcomputer
quartus_map --read_settings_files=on --write_settings_files=off Microcomputer -c Microcomputer
quartus_cdb --read_settings_files=off --write_settings_files=off Microcomputer -c Microcomputer --merge=on
quartus_fit --read_settings_files=off --write_settings_files=off Microcomputer -c Microcomputer
quartus_asm --read_settings_files=off --write_settings_files=off Microcomputer -c Microcomputer
quartus_sta Microcomputer -c Microcomputer
quartus_map --read_settings_files=on --write_settings_files=off Microcomputer -c Microcomputer
quartus_map --read_settings_files=on --write_settings_files=off Microcomputer -c Microcomputer
quartus_cdb --read_settings_files=off --write_settings_files=off Microcomputer -c Microcomputer --merge=on
quartus_fit --read_settings_files=off --write_settings_files=off Microcomputer -c Microcomputer
quartus_map --read_settings_files=on --write_settings_files=off Microcomputer -c Microcomputer
quartus_cdb --read_settings_files=off --write_settings_files=off Microcomputer -c Microcomputer --merge=on
quartus_fit --read_settings_files=off --write_settings_files=off Microcomputer -c Microcomputer
quartus_map --read_settings_files=on --write_settings_files=off Microcomputer -c Microcomputer
quartus_cdb --read_settings_files=off --write_settings_files=off Microcomputer -c Microcomputer --merge=on
quartus_fit --read_settings_files=off --write_settings_files=off Microcomputer -c Microcomputer
quartus_map --read_settings_files=on --write_settings_files=off Microcomputer -c Microcomputer
quartus_cdb --read_settings_files=off --write_settings_files=off Microcomputer -c Microcomputer --merge=on
quartus_fit --read_settings_files=off --write_settings_files=off Microcomputer -c Microcomputer
quartus_map --read_settings_files=on --write_settings_files=off Microcomputer -c Microcomputer
quartus_cdb --read_settings_files=off --write_settings_files=off Microcomputer -c Microcomputer --merge=on
quartus_fit --read_settings_files=off --write_settings_files=off Microcomputer -c Microcomputer
quartus_map --read_settings_files=on --write_settings_files=off Microcomputer -c Microcomputer
quartus_cdb --read_settings_files=off --write_settings_files=off Microcomputer -c Microcomputer --merge=on
quartus_fit --read_settings_files=off --write_settings_files=off Microcomputer -c Microcomputer
quartus_asm --read_settings_files=off --write_settings_files=off Microcomputer -c Microcomputer
quartus_sta Microcomputer -c Microcomputer
quartus_map --read_settings_files=on --write_settings_files=off Microcomputer -c Microcomputer
quartus_cdb --read_settings_files=off --write_settings_files=off Microcomputer -c Microcomputer --merge=on
quartus_fit --read_settings_files=off --write_settings_files=off Microcomputer -c Microcomputer
quartus_asm --read_settings_files=off --write_settings_files=off Microcomputer -c Microcomputer
quartus_sta Microcomputer -c Microcomputer
quartus_map --read_settings_files=on --write_settings_files=off Microcomputer -c Microcomputer
quartus_cdb --read_settings_files=off --write_settings_files=off Microcomputer -c Microcomputer --merge=on
quartus_fit --read_settings_files=off --write_settings_files=off Microcomputer -c Microcomputer
quartus_fit --read_settings_files=on --write_settings_files=off Microcomputer -c Microcomputer --check_ios
quartus_map --read_settings_files=on --write_settings_files=off Microcomputer -c Microcomputer
quartus_cdb --read_settings_files=off --write_settings_files=off Microcomputer -c Microcomputer --merge=on
quartus_fit --read_settings_files=off --write_settings_files=off Microcomputer -c Microcomputer
quartus_map --read_settings_files=on --write_settings_files=off Microcomputer -c Microcomputer
quartus_cdb --read_settings_files=off --write_settings_files=off Microcomputer -c Microcomputer --merge=on
quartus_fit --read_settings_files=off --write_settings_files=off Microcomputer -c Microcomputer



